<?xml version="1.0" encoding="UTF-8"?>
<!-- Generated by org.testng.reporters.JUnitReportReporter -->
<testsuite hostname="C809070EE68937" name="com.testSelenium.ApiTest" tests="9" failures="0" timestamp="5 Mar 2018 01:57:15 GMT" time="0.990" errors="0">
  <testcase name="testGetServiceForPost" time="0.045" classname="com.testSelenium.ApiTest"/>
  <testcase name="testPutServiceForUsers" time="0.057" classname="com.testSelenium.ApiTest"/>
  <testcase name="testGetServiceForUsers" time="0.034" classname="com.testSelenium.ApiTest"/>
  <testcase name="testPostServiceForComments" time="0.183" classname="com.testSelenium.ApiTest"/>
  <testcase name="testPostServiceForPost" time="0.096" classname="com.testSelenium.ApiTest"/>
  <testcase name="testPutServiceForPost" time="0.073" classname="com.testSelenium.ApiTest"/>
  <testcase name="testPostServiceForUsers" time="0.100" classname="com.testSelenium.ApiTest"/>
  <testcase name="testGetServiceForComments" time="0.333" classname="com.testSelenium.ApiTest"/>
  <testcase name="testPutServiceForComment" time="0.069" classname="com.testSelenium.ApiTest"/>
</testsuite> <!-- com.testSelenium.ApiTest -->
