<?xml version="1.0" encoding="UTF-8"?>
<!-- Generated by org.testng.reporters.JUnitReportReporter -->
<testsuite hostname="C809070EE68937" name="com.testSelenium.UiTest" tests="2" failures="0" timestamp="5 Mar 2018 02:13:55 GMT" time="41.950" errors="0">
  <testcase name="testFilterPage" time="33.615" classname="com.testSelenium.UiTest"/>
  <testcase name="testNewCustomerPage" time="8.335" classname="com.testSelenium.UiTest"/>
</testsuite> <!-- com.testSelenium.UiTest -->
