<?xml version="1.0" encoding="UTF-8"?>
<!-- Generated by org.testng.reporters.JUnitReportReporter -->
<testsuite hostname="C809070EE68937" name="com.testSelenium.ApiTest" tests="9" failures="0" timestamp="5 Mar 2018 03:22:09 GMT" time="0.656" errors="0">
  <testcase name="testPostServiceForComments" time="0.078" classname="com.testSelenium.ApiTest"/>
  <testcase name="testPostServiceForPost" time="0.094" classname="com.testSelenium.ApiTest"/>
  <testcase name="testGetServiceForPost" time="0.015" classname="com.testSelenium.ApiTest"/>
  <testcase name="testGetServiceForUsers" time="0.047" classname="com.testSelenium.ApiTest"/>
  <testcase name="testPutServiceForComment" time="0.078" classname="com.testSelenium.ApiTest"/>
  <testcase name="testPostServiceForUsers" time="0.078" classname="com.testSelenium.ApiTest"/>
  <testcase name="testPutServiceForPost" time="0.063" classname="com.testSelenium.ApiTest"/>
  <testcase name="testPutServiceForUsers" time="0.078" classname="com.testSelenium.ApiTest"/>
  <testcase name="testGetServiceForComments" time="0.125" classname="com.testSelenium.ApiTest"/>
</testsuite> <!-- com.testSelenium.ApiTest -->
