<?xml version="1.0" encoding="UTF-8"?>
<!-- Generated by org.testng.reporters.JUnitReportReporter -->
<testsuite hostname="C809070EE68937" name="com.testSelenium.UiTest" tests="2" failures="0" timestamp="5 Mar 2018 03:22:09 GMT" time="44.752" errors="0">
  <testcase name="testNewCustomerPage" time="8.547" classname="com.testSelenium.UiTest"/>
  <testcase name="testFilterPage" time="36.205" classname="com.testSelenium.UiTest"/>
</testsuite> <!-- com.testSelenium.UiTest -->
